{"/Users/aquib/projects/ark-form-gen-container/ark-form-gen/src/files.ts": {"path":"/Users/aquib/projects/ark-form-gen-container/ark-form-gen/src/files.ts","statementMap":{"0":{"start":{"line":1,"column":0},"end":{"line":1,"column":25}},"1":{"start":{"line":3,"column":24},"end":{"line":10,"column":1}},"2":{"start":{"line":4,"column":2},"end":{"line":9,"column":null}},"3":{"start":{"line":5,"column":32},"end":{"line":5,"column":65}},"4":{"start":{"line":6,"column":4},"end":{"line":6,"column":35}},"5":{"start":{"line":8,"column":4},"end":{"line":8,"column":58}},"6":{"start":{"line":3,"column":13},"end":{"line":3,"column":24}},"7":{"start":{"line":12,"column":37},"end":{"line":18,"column":1}},"8":{"start":{"line":13,"column":2},"end":{"line":17,"column":null}},"9":{"start":{"line":14,"column":4},"end":{"line":14,"column":45}},"10":{"start":{"line":16,"column":4},"end":{"line":16,"column":58}},"11":{"start":{"line":12,"column":13},"end":{"line":12,"column":37}},"12":{"start":{"line":20,"column":25},"end":{"line":27,"column":1}},"13":{"start":{"line":21,"column":2},"end":{"line":26,"column":null}},"14":{"start":{"line":22,"column":4},"end":{"line":22,"column":37}},"15":{"start":{"line":23,"column":4},"end":{"line":23,"column":62}},"16":{"start":{"line":25,"column":4},"end":{"line":25,"column":33}},"17":{"start":{"line":20,"column":13},"end":{"line":20,"column":25}},"18":{"start":{"line":29,"column":37},"end":{"line":31,"column":1}},"19":{"start":{"line":30,"column":2},"end":{"line":30,"column":33}},"20":{"start":{"line":33,"column":31},"end":{"line":41,"column":1}},"21":{"start":{"line":34,"column":2},"end":{"line":40,"column":null}},"22":{"start":{"line":35,"column":4},"end":{"line":37,"column":null}},"23":{"start":{"line":36,"column":6},"end":{"line":36,"column":28}},"24":{"start":{"line":39,"column":4},"end":{"line":39,"column":33}},"25":{"start":{"line":33,"column":13},"end":{"line":33,"column":31}}},"fnMap":{"0":{"name":"(anonymous_6)","decl":{"start":{"line":3,"column":24},"end":{"line":3,"column":25}},"loc":{"start":{"line":3,"column":45},"end":{"line":10,"column":1}}},"1":{"name":"(anonymous_7)","decl":{"start":{"line":12,"column":37},"end":{"line":12,"column":38}},"loc":{"start":{"line":12,"column":58},"end":{"line":18,"column":1}}},"2":{"name":"(anonymous_8)","decl":{"start":{"line":20,"column":25},"end":{"line":20,"column":26}},"loc":{"start":{"line":20,"column":60},"end":{"line":27,"column":1}}},"3":{"name":"(anonymous_9)","decl":{"start":{"line":29,"column":37},"end":{"line":29,"column":38}},"loc":{"start":{"line":29,"column":57},"end":{"line":31,"column":1}}},"4":{"name":"(anonymous_10)","decl":{"start":{"line":33,"column":31},"end":{"line":33,"column":32}},"loc":{"start":{"line":33,"column":51},"end":{"line":41,"column":1}}}},"branchMap":{"0":{"loc":{"start":{"line":35,"column":4},"end":{"line":37,"column":null}},"type":"if","locations":[{"start":{"line":35,"column":4},"end":{"line":37,"column":null}}]}},"s":{"0":3,"1":3,"2":3,"3":3,"4":2,"5":1,"6":3,"7":3,"8":11,"9":11,"10":1,"11":3,"12":3,"13":3,"14":3,"15":2,"16":1,"17":3,"18":3,"19":3,"20":3,"21":3,"22":3,"23":3,"24":1,"25":3},"f":{"0":3,"1":11,"2":3,"3":3,"4":3},"b":{"0":[3]}}
,"/Users/aquib/projects/ark-form-gen-container/ark-form-gen/src/handlebar.ts": {"path":"/Users/aquib/projects/ark-form-gen-container/ark-form-gen/src/handlebar.ts","statementMap":{"0":{"start":{"line":1,"column":0},"end":{"line":1,"column":41}},"1":{"start":{"line":3,"column":0},"end":{"line":3,"column":36}},"2":{"start":{"line":4,"column":0},"end":{"line":4,"column":24}},"3":{"start":{"line":6,"column":10},"end":{"line":6,"column":44}},"4":{"start":{"line":7,"column":0},"end":{"line":7,"column":30}},"5":{"start":{"line":9,"column":24},"end":{"line":16,"column":1}},"6":{"start":{"line":10,"column":2},"end":{"line":15,"column":4}},"7":{"start":{"line":18,"column":32},"end":{"line":20,"column":1}},"8":{"start":{"line":19,"column":2},"end":{"line":19,"column":74}},"9":{"start":{"line":19,"column":44},"end":{"line":19,"column":72}},"10":{"start":{"line":18,"column":13},"end":{"line":18,"column":32}},"11":{"start":{"line":22,"column":36},"end":{"line":28,"column":1}},"12":{"start":{"line":23,"column":25},"end":{"line":24,"column":null}},"13":{"start":{"line":27,"column":2},"end":{"line":27,"column":44}},"14":{"start":{"line":22,"column":13},"end":{"line":22,"column":36}}},"fnMap":{"0":{"name":"(anonymous_7)","decl":{"start":{"line":9,"column":24},"end":{"line":9,"column":25}},"loc":{"start":{"line":9,"column":48},"end":{"line":16,"column":1}}},"1":{"name":"(anonymous_8)","decl":{"start":{"line":18,"column":32},"end":{"line":18,"column":33}},"loc":{"start":{"line":18,"column":59},"end":{"line":20,"column":1}}},"2":{"name":"(anonymous_9)","decl":{"start":{"line":19,"column":19},"end":{"line":19,"column":20}},"loc":{"start":{"line":19,"column":44},"end":{"line":19,"column":72}}},"3":{"name":"(anonymous_10)","decl":{"start":{"line":22,"column":36},"end":{"line":22,"column":37}},"loc":{"start":{"line":22,"column":61},"end":{"line":28,"column":1}}}},"branchMap":{},"s":{"0":2,"1":2,"2":2,"3":2,"4":2,"5":2,"6":7,"7":2,"8":2,"9":7,"10":2,"11":2,"12":2,"13":2,"14":2},"f":{"0":7,"1":2,"2":7,"3":2},"b":{}}
,"/Users/aquib/projects/ark-form-gen-container/ark-form-gen/src/index.ts": {"path":"/Users/aquib/projects/ark-form-gen-container/ark-form-gen/src/index.ts","statementMap":{"0":{"start":{"line":1,"column":0},"end":{"line":1,"column":41}},"1":{"start":{"line":2,"column":0},"end":{"line":2,"column":46}},"2":{"start":{"line":4,"column":0},"end":{"line":4,"column":33}},"3":{"start":{"line":6,"column":21},"end":{"line":43,"column":1}},"4":{"start":{"line":7,"column":36},"end":{"line":7,"column":68}},"5":{"start":{"line":10,"column":2},"end":{"line":10,"column":64}},"6":{"start":{"line":13,"column":2},"end":{"line":13,"column":62}},"7":{"start":{"line":16,"column":2},"end":{"line":16,"column":72}},"8":{"start":{"line":19,"column":2},"end":{"line":25,"column":5}},"9":{"start":{"line":29,"column":19},"end":{"line":30,"column":null}},"10":{"start":{"line":34,"column":21},"end":{"line":38,"column":4}},"11":{"start":{"line":40,"column":2},"end":{"line":40,"column":51}},"12":{"start":{"line":42,"column":2},"end":{"line":42,"column":66}},"13":{"start":{"line":45,"column":0},"end":{"line":45,"column":32}}},"fnMap":{"0":{"name":"(anonymous_6)","decl":{"start":{"line":6,"column":21},"end":{"line":6,"column":22}},"loc":{"start":{"line":6,"column":42},"end":{"line":43,"column":1}}}},"branchMap":{},"s":{"0":1,"1":1,"2":1,"3":1,"4":1,"5":1,"6":1,"7":1,"8":1,"9":1,"10":1,"11":1,"12":1,"13":1},"f":{"0":1},"b":{}}
,"/Users/aquib/projects/ark-form-gen-container/ark-form-gen/src/utils.ts": {"path":"/Users/aquib/projects/ark-form-gen-container/ark-form-gen/src/utils.ts","statementMap":{"0":{"start":{"line":3,"column":0},"end":{"line":3,"column":26}},"1":{"start":{"line":5,"column":40},"end":{"line":9,"column":2}},"2":{"start":{"line":11,"column":62},"end":{"line":40,"column":2}},"3":{"start":{"line":12,"column":38},"end":{"line":18,"column":null}},"4":{"start":{"line":19,"column":42},"end":{"line":25,"column":null}},"5":{"start":{"line":26,"column":45},"end":{"line":32,"column":null}},"6":{"start":{"line":33,"column":41},"end":{"line":39,"column":null}},"7":{"start":{"line":42,"column":30},"end":{"line":49,"column":1}},"8":{"start":{"line":43,"column":33},"end":{"line":43,"column":35}},"9":{"start":{"line":44,"column":2},"end":{"line":46,"column":5}},"10":{"start":{"line":45,"column":4},"end":{"line":45,"column":75}},"11":{"start":{"line":48,"column":2},"end":{"line":48,"column":36}},"12":{"start":{"line":42,"column":13},"end":{"line":42,"column":30}},"13":{"start":{"line":51,"column":28},"end":{"line":70,"column":1}},"14":{"start":{"line":52,"column":35},"end":{"line":52,"column":37}},"15":{"start":{"line":53,"column":2},"end":{"line":67,"column":null}},"16":{"start":{"line":54,"column":4},"end":{"line":66,"column":null}},"17":{"start":{"line":55,"column":6},"end":{"line":57,"column":8}},"18":{"start":{"line":58,"column":11},"end":{"line":66,"column":null}},"19":{"start":{"line":59,"column":6},"end":{"line":61,"column":8}},"20":{"start":{"line":62,"column":11},"end":{"line":66,"column":null}},"21":{"start":{"line":63,"column":6},"end":{"line":65,"column":8}},"22":{"start":{"line":69,"column":2},"end":{"line":69,"column":24}},"23":{"start":{"line":51,"column":13},"end":{"line":51,"column":28}},"24":{"start":{"line":72,"column":34},"end":{"line":74,"column":1}},"25":{"start":{"line":73,"column":2},"end":{"line":73,"column":57}},"26":{"start":{"line":73,"column":34},"end":{"line":73,"column":55}},"27":{"start":{"line":72,"column":13},"end":{"line":72,"column":34}},"28":{"start":{"line":76,"column":34},"end":{"line":84,"column":1}},"29":{"start":{"line":77,"column":26},"end":{"line":81,"column":4}},"30":{"start":{"line":78,"column":4},"end":{"line":80,"column":13}},"31":{"start":{"line":83,"column":2},"end":{"line":83,"column":25}},"32":{"start":{"line":76,"column":13},"end":{"line":76,"column":34}}},"fnMap":{"0":{"name":"(anonymous_1)","decl":{"start":{"line":12,"column":8},"end":{"line":12,"column":9}},"loc":{"start":{"line":12,"column":37},"end":{"line":18,"column":null}}},"1":{"name":"(anonymous_2)","decl":{"start":{"line":19,"column":12},"end":{"line":19,"column":13}},"loc":{"start":{"line":19,"column":41},"end":{"line":25,"column":null}}},"2":{"name":"(anonymous_3)","decl":{"start":{"line":26,"column":12},"end":{"line":26,"column":13}},"loc":{"start":{"line":26,"column":44},"end":{"line":32,"column":null}}},"3":{"name":"(anonymous_4)","decl":{"start":{"line":33,"column":10},"end":{"line":33,"column":11}},"loc":{"start":{"line":33,"column":40},"end":{"line":39,"column":null}}},"4":{"name":"(anonymous_5)","decl":{"start":{"line":42,"column":30},"end":{"line":42,"column":31}},"loc":{"start":{"line":42,"column":58},"end":{"line":49,"column":1}}},"5":{"name":"(anonymous_6)","decl":{"start":{"line":44,"column":13},"end":{"line":44,"column":14}},"loc":{"start":{"line":44,"column":28},"end":{"line":46,"column":3}}},"6":{"name":"(anonymous_7)","decl":{"start":{"line":51,"column":28},"end":{"line":51,"column":29}},"loc":{"start":{"line":51,"column":70},"end":{"line":70,"column":1}}},"7":{"name":"(anonymous_8)","decl":{"start":{"line":72,"column":34},"end":{"line":72,"column":35}},"loc":{"start":{"line":72,"column":61},"end":{"line":74,"column":1}}},"8":{"name":"(anonymous_9)","decl":{"start":{"line":73,"column":19},"end":{"line":73,"column":20}},"loc":{"start":{"line":73,"column":34},"end":{"line":73,"column":55}}},"9":{"name":"(anonymous_10)","decl":{"start":{"line":76,"column":34},"end":{"line":76,"column":35}},"loc":{"start":{"line":76,"column":71},"end":{"line":84,"column":1}}},"10":{"name":"(anonymous_11)","decl":{"start":{"line":77,"column":37},"end":{"line":77,"column":38}},"loc":{"start":{"line":77,"column":66},"end":{"line":81,"column":3}}}},"branchMap":{"0":{"loc":{"start":{"line":17,"column":11},"end":{"line":17,"column":72}},"type":"cond-expr","locations":[{"start":{"line":17,"column":33},"end":{"line":17,"column":64}},{"start":{"line":17,"column":67},"end":{"line":17,"column":72}}]},"1":{"loc":{"start":{"line":17,"column":11},"end":{"line":17,"column":30}},"type":"cond-expr","locations":[{"start":{"line":17,"column":22},"end":{"line":17,"column":24}},{"start":{"line":17,"column":22},"end":{"line":17,"column":30}}]},"2":{"loc":{"start":{"line":17,"column":11},"end":{"line":17,"column":24}},"type":"binary-expr","locations":[{"start":{"line":17,"column":11},"end":{"line":17,"column":24}},{"start":{"line":17,"column":22},"end":{"line":17,"column":24}}]},"3":{"loc":{"start":{"line":24,"column":11},"end":{"line":24,"column":72}},"type":"cond-expr","locations":[{"start":{"line":24,"column":33},"end":{"line":24,"column":64}},{"start":{"line":24,"column":67},"end":{"line":24,"column":72}}]},"4":{"loc":{"start":{"line":24,"column":11},"end":{"line":24,"column":30}},"type":"cond-expr","locations":[{"start":{"line":24,"column":22},"end":{"line":24,"column":24}},{"start":{"line":24,"column":22},"end":{"line":24,"column":30}}]},"5":{"loc":{"start":{"line":24,"column":11},"end":{"line":24,"column":24}},"type":"binary-expr","locations":[{"start":{"line":24,"column":11},"end":{"line":24,"column":24}},{"start":{"line":24,"column":22},"end":{"line":24,"column":24}}]},"6":{"loc":{"start":{"line":31,"column":11},"end":{"line":31,"column":72}},"type":"cond-expr","locations":[{"start":{"line":31,"column":33},"end":{"line":31,"column":64}},{"start":{"line":31,"column":67},"end":{"line":31,"column":72}}]},"7":{"loc":{"start":{"line":31,"column":11},"end":{"line":31,"column":30}},"type":"cond-expr","locations":[{"start":{"line":31,"column":22},"end":{"line":31,"column":24}},{"start":{"line":31,"column":22},"end":{"line":31,"column":30}}]},"8":{"loc":{"start":{"line":31,"column":11},"end":{"line":31,"column":24}},"type":"binary-expr","locations":[{"start":{"line":31,"column":11},"end":{"line":31,"column":24}},{"start":{"line":31,"column":22},"end":{"line":31,"column":24}}]},"9":{"loc":{"start":{"line":38,"column":11},"end":{"line":38,"column":72}},"type":"cond-expr","locations":[{"start":{"line":38,"column":33},"end":{"line":38,"column":64}},{"start":{"line":38,"column":67},"end":{"line":38,"column":72}}]},"10":{"loc":{"start":{"line":38,"column":11},"end":{"line":38,"column":30}},"type":"cond-expr","locations":[{"start":{"line":38,"column":22},"end":{"line":38,"column":24}},{"start":{"line":38,"column":22},"end":{"line":38,"column":30}}]},"11":{"loc":{"start":{"line":38,"column":11},"end":{"line":38,"column":24}},"type":"binary-expr","locations":[{"start":{"line":38,"column":11},"end":{"line":38,"column":24}},{"start":{"line":38,"column":22},"end":{"line":38,"column":24}}]},"12":{"loc":{"start":{"line":54,"column":4},"end":{"line":66,"column":null}},"type":"if","locations":[{"start":{"line":54,"column":4},"end":{"line":66,"column":null}},{"start":{"line":58,"column":11},"end":{"line":66,"column":null}}]},"13":{"loc":{"start":{"line":54,"column":8},"end":{"line":54,"column":50}},"type":"binary-expr","locations":[{"start":{"line":54,"column":8},"end":{"line":54,"column":26}},{"start":{"line":54,"column":30},"end":{"line":54,"column":50}}]},"14":{"loc":{"start":{"line":58,"column":11},"end":{"line":66,"column":null}},"type":"if","locations":[{"start":{"line":58,"column":11},"end":{"line":66,"column":null}},{"start":{"line":62,"column":11},"end":{"line":66,"column":null}}]},"15":{"loc":{"start":{"line":62,"column":11},"end":{"line":66,"column":null}},"type":"if","locations":[{"start":{"line":62,"column":11},"end":{"line":66,"column":null}}]}},"s":{"0":2,"1":2,"2":2,"3":3,"4":2,"5":2,"6":2,"7":2,"8":2,"9":2,"10":4,"11":2,"12":2,"13":2,"14":2,"15":2,"16":5,"17":2,"18":3,"19":2,"20":1,"21":1,"22":2,"23":2,"24":2,"25":5,"26":5,"27":2,"28":2,"29":2,"30":9,"31":2,"32":2},"f":{"0":3,"1":2,"2":2,"3":2,"4":2,"5":4,"6":2,"7":5,"8":5,"9":2,"10":9},"b":{"0":[2,1],"1":[1,2],"2":[3,3],"3":[1,1],"4":[1,1],"5":[2,2],"6":[1,1],"7":[1,1],"8":[2,2],"9":[1,1],"10":[1,1],"11":[2,2],"12":[2,3],"13":[5,4],"14":[2,1],"15":[1]}}
}
