TN:
SF:src/files.ts
FN:3,(anonymous_6)
FN:12,(anonymous_7)
FN:20,(anonymous_8)
FN:29,(anonymous_9)
FN:33,(anonymous_10)
FNF:5
FNH:5
FNDA:3,(anonymous_6)
FNDA:10,(anonymous_7)
FNDA:3,(anonymous_8)
FNDA:3,(anonymous_9)
FNDA:3,(anonymous_10)
DA:1,3
DA:3,3
DA:4,3
DA:5,3
DA:6,2
DA:8,1
DA:12,3
DA:13,10
DA:14,10
DA:16,1
DA:20,3
DA:21,3
DA:22,3
DA:23,2
DA:25,1
DA:29,3
DA:30,3
DA:33,3
DA:34,3
DA:35,3
DA:36,3
DA:39,1
LF:22
LH:22
BRDA:35,0,0,3
BRF:1
BRH:1
end_of_record
TN:
SF:src/handlebar.ts
FN:9,(anonymous_7)
FN:18,(anonymous_8)
FN:19,(anonymous_9)
FN:22,(anonymous_10)
FNF:4
FNH:4
FNDA:6,(anonymous_7)
FNDA:2,(anonymous_8)
FNDA:6,(anonymous_9)
FNDA:2,(anonymous_10)
DA:1,2
DA:3,2
DA:4,2
DA:6,2
DA:7,2
DA:9,2
DA:10,6
DA:18,2
DA:19,6
DA:22,2
DA:23,2
DA:27,2
LF:12
LH:12
BRF:0
BRH:0
end_of_record
TN:
SF:src/index.ts
FN:6,(anonymous_6)
FNF:1
FNH:1
FNDA:1,(anonymous_6)
DA:1,1
DA:2,1
DA:4,1
DA:6,1
DA:7,1
DA:10,1
DA:13,1
DA:16,1
DA:19,1
DA:28,1
DA:33,1
DA:39,1
DA:41,1
DA:44,1
LF:14
LH:14
BRF:0
BRH:0
end_of_record
TN:
SF:src/utils.ts
FN:12,(anonymous_1)
FN:19,(anonymous_2)
FN:26,(anonymous_3)
FN:35,(anonymous_4)
FN:37,(anonymous_5)
FN:44,(anonymous_6)
FN:69,(anonymous_7)
FN:70,(anonymous_8)
FN:73,(anonymous_9)
FN:74,(anonymous_10)
FNF:10
FNH:10
FNDA:3,(anonymous_1)
FNDA:2,(anonymous_2)
FNDA:2,(anonymous_3)
FNDA:2,(anonymous_4)
FNDA:4,(anonymous_5)
FNDA:2,(anonymous_6)
FNDA:4,(anonymous_7)
FNDA:4,(anonymous_8)
FNDA:2,(anonymous_9)
FNDA:7,(anonymous_10)
DA:3,2
DA:5,2
DA:11,2
DA:12,3
DA:19,2
DA:26,2
DA:35,2
DA:36,2
DA:37,2
DA:38,4
DA:41,2
DA:44,2
DA:45,2
DA:46,2
DA:47,5
DA:52,2
DA:55,3
DA:56,1
DA:59,2
DA:60,2
DA:66,2
DA:69,2
DA:70,4
DA:73,2
DA:74,2
DA:75,7
DA:80,2
LF:27
LH:27
BRDA:17,0,0,2
BRDA:17,0,1,1
BRDA:17,1,0,1
BRDA:17,1,1,2
BRDA:17,2,0,3
BRDA:17,2,1,3
BRDA:24,3,0,1
BRDA:24,3,1,1
BRDA:24,4,0,1
BRDA:24,4,1,1
BRDA:24,5,0,2
BRDA:24,5,1,2
BRDA:31,6,0,1
BRDA:31,6,1,1
BRDA:31,7,0,1
BRDA:31,7,1,1
BRDA:31,8,0,2
BRDA:31,8,1,2
BRDA:47,9,0,2
BRDA:47,9,1,3
BRDA:48,10,0,5
BRDA:48,10,1,2
BRDA:48,10,2,2
BRDA:55,11,0,1
BRDA:55,11,1,2
BRDA:59,12,0,2
BRDA:59,13,0,2
BRDA:59,13,1,1
BRF:28
BRH:28
end_of_record
