TN:
SF:src/files.ts
FN:3,(anonymous_6)
FN:12,(anonymous_7)
FN:20,(anonymous_8)
FN:29,(anonymous_9)
FN:33,(anonymous_10)
FNF:5
FNH:5
FNDA:3,(anonymous_6)
FNDA:11,(anonymous_7)
FNDA:3,(anonymous_8)
FNDA:3,(anonymous_9)
FNDA:3,(anonymous_10)
DA:1,3
DA:3,3
DA:4,3
DA:5,3
DA:6,2
DA:8,1
DA:12,3
DA:13,11
DA:14,11
DA:16,1
DA:20,3
DA:21,3
DA:22,3
DA:23,2
DA:25,1
DA:29,3
DA:30,3
DA:33,3
DA:34,3
DA:35,3
DA:36,3
DA:39,1
LF:22
LH:22
BRDA:35,0,0,3
BRF:1
BRH:1
end_of_record
TN:
SF:src/handlebar.ts
FN:9,(anonymous_7)
FN:18,(anonymous_8)
FN:19,(anonymous_9)
FN:22,(anonymous_10)
FNF:4
FNH:4
FNDA:7,(anonymous_7)
FNDA:2,(anonymous_8)
FNDA:7,(anonymous_9)
FNDA:2,(anonymous_10)
DA:1,2
DA:3,2
DA:4,2
DA:6,2
DA:7,2
DA:9,2
DA:10,7
DA:18,2
DA:19,7
DA:22,2
DA:23,2
DA:27,2
LF:12
LH:12
BRF:0
BRH:0
end_of_record
TN:
SF:src/index.ts
FN:6,(anonymous_6)
FNF:1
FNH:1
FNDA:1,(anonymous_6)
DA:1,1
DA:2,1
DA:4,1
DA:6,1
DA:7,1
DA:10,1
DA:13,1
DA:16,1
DA:19,1
DA:29,1
DA:34,1
DA:40,1
DA:42,1
DA:45,1
LF:14
LH:14
BRF:0
BRH:0
end_of_record
TN:
SF:src/utils.ts
FN:12,(anonymous_1)
FN:19,(anonymous_2)
FN:26,(anonymous_3)
FN:33,(anonymous_4)
FN:42,(anonymous_5)
FN:44,(anonymous_6)
FN:51,(anonymous_7)
FN:72,(anonymous_8)
FN:73,(anonymous_9)
FN:76,(anonymous_10)
FN:77,(anonymous_11)
FNF:11
FNH:11
FNDA:3,(anonymous_1)
FNDA:2,(anonymous_2)
FNDA:2,(anonymous_3)
FNDA:2,(anonymous_4)
FNDA:2,(anonymous_5)
FNDA:4,(anonymous_6)
FNDA:2,(anonymous_7)
FNDA:5,(anonymous_8)
FNDA:5,(anonymous_9)
FNDA:2,(anonymous_10)
FNDA:9,(anonymous_11)
DA:3,2
DA:5,2
DA:11,2
DA:12,3
DA:19,2
DA:26,2
DA:33,2
DA:42,2
DA:43,2
DA:44,2
DA:45,4
DA:48,2
DA:51,2
DA:52,2
DA:53,2
DA:54,5
DA:55,2
DA:58,3
DA:59,2
DA:62,1
DA:63,1
DA:69,2
DA:72,2
DA:73,5
DA:76,2
DA:77,2
DA:78,9
DA:83,2
LF:28
LH:28
BRDA:17,0,0,2
BRDA:17,0,1,1
BRDA:17,1,0,1
BRDA:17,1,1,2
BRDA:17,2,0,3
BRDA:17,2,1,3
BRDA:24,3,0,1
BRDA:24,3,1,1
BRDA:24,4,0,1
BRDA:24,4,1,1
BRDA:24,5,0,2
BRDA:24,5,1,2
BRDA:31,6,0,1
BRDA:31,6,1,1
BRDA:31,7,0,1
BRDA:31,7,1,1
BRDA:31,8,0,2
BRDA:31,8,1,2
BRDA:38,9,0,1
BRDA:38,9,1,1
BRDA:38,10,0,1
BRDA:38,10,1,1
BRDA:38,11,0,2
BRDA:38,11,1,2
BRDA:54,12,0,2
BRDA:54,12,1,3
BRDA:54,13,0,5
BRDA:54,13,1,4
BRDA:58,14,0,2
BRDA:58,14,1,1
BRDA:62,15,0,1
BRF:31
BRH:31
end_of_record
